[Wed Mar 11 19:28:14.456930 2020] [mpm_winnt:notice] [pid 5140:tid 380] AH00455: Apache/2.4.6 (Win32) PHP/5.4.17 configured -- resuming normal operations
[Wed Mar 11 19:28:14.456930 2020] [mpm_winnt:notice] [pid 5140:tid 380] AH00456: Apache Lounge VC10 Server built: Jul 16 2013 11:15:41
[Wed Mar 11 19:28:14.456930 2020] [core:notice] [pid 5140:tid 380] AH00094: Command line: 'C:\\Users\\Aluno\\Desktop\\trabalhoPam3-1\\USBWebserver v8.6/apache2/bin/httpd_usbwv8.exe -d C:/Users/Aluno/Desktop/trabalhoPam3-1/USBWebserver v8.6/apache2'
[Wed Mar 11 19:28:14.468930 2020] [mpm_winnt:notice] [pid 5140:tid 380] AH00418: Parent: Created child process 4796
[Wed Mar 11 19:28:15.217973 2020] [mpm_winnt:notice] [pid 4796:tid 396] AH00354: Child: Starting 64 worker threads.
[Wed Mar 11 19:28:24.277491 2020] [:error] [pid 4796:tid 920] [client ::1:49537] PHP Parse error:  syntax error, unexpected 'if' (T_IF) in C:\\Users\\Aluno\\Desktop\\trabalhoPam3-1\\USBWebserver v8.6\\root\\calculadora\\trabalhoPam3\\2020.03.05\\calculadora.php on line 3, referer: http://localhost:8080/calculadora/trabalhoPam3/2020.03.05/
[Wed Mar 11 19:29:29.267208 2020] [:error] [pid 4796:tid 916] [client ::1:49540] PHP Parse error:  syntax error, unexpected 'if' (T_IF) in C:\\Users\\Aluno\\Desktop\\trabalhoPam3-1\\USBWebserver v8.6\\root\\calculadora\\trabalhoPam3\\2020.03.05\\calculadora.php on line 3
[Wed Mar 11 19:30:26.360474 2020] [:error] [pid 4796:tid 916] [client ::1:49545] PHP Parse error:  syntax error, unexpected 'if' (T_IF) in C:\\Users\\Aluno\\Desktop\\trabalhoPam3-1\\USBWebserver v8.6\\root\\calculadora\\trabalhoPam3\\2020.03.05\\calculadora.php on line 3
[Wed Mar 11 19:30:26.597488 2020] [:error] [pid 4796:tid 916] [client ::1:49545] PHP Parse error:  syntax error, unexpected 'if' (T_IF) in C:\\Users\\Aluno\\Desktop\\trabalhoPam3-1\\USBWebserver v8.6\\root\\calculadora\\trabalhoPam3\\2020.03.05\\calculadora.php on line 3
[Wed Mar 11 19:30:26.822500 2020] [:error] [pid 4796:tid 916] [client ::1:49545] PHP Parse error:  syntax error, unexpected 'if' (T_IF) in C:\\Users\\Aluno\\Desktop\\trabalhoPam3-1\\USBWebserver v8.6\\root\\calculadora\\trabalhoPam3\\2020.03.05\\calculadora.php on line 3
[Wed Mar 11 19:30:27.018512 2020] [:error] [pid 4796:tid 916] [client ::1:49545] PHP Parse error:  syntax error, unexpected 'if' (T_IF) in C:\\Users\\Aluno\\Desktop\\trabalhoPam3-1\\USBWebserver v8.6\\root\\calculadora\\trabalhoPam3\\2020.03.05\\calculadora.php on line 3
[Wed Mar 11 19:30:27.208523 2020] [:error] [pid 4796:tid 916] [client ::1:49545] PHP Parse error:  syntax error, unexpected 'if' (T_IF) in C:\\Users\\Aluno\\Desktop\\trabalhoPam3-1\\USBWebserver v8.6\\root\\calculadora\\trabalhoPam3\\2020.03.05\\calculadora.php on line 3
[Wed Mar 11 19:30:27.389533 2020] [:error] [pid 4796:tid 916] [client ::1:49545] PHP Parse error:  syntax error, unexpected 'if' (T_IF) in C:\\Users\\Aluno\\Desktop\\trabalhoPam3-1\\USBWebserver v8.6\\root\\calculadora\\trabalhoPam3\\2020.03.05\\calculadora.php on line 3
[Wed Mar 11 19:30:27.568543 2020] [:error] [pid 4796:tid 916] [client ::1:49545] PHP Parse error:  syntax error, unexpected 'if' (T_IF) in C:\\Users\\Aluno\\Desktop\\trabalhoPam3-1\\USBWebserver v8.6\\root\\calculadora\\trabalhoPam3\\2020.03.05\\calculadora.php on line 3
[Wed Mar 11 19:30:27.750554 2020] [:error] [pid 4796:tid 916] [client ::1:49545] PHP Parse error:  syntax error, unexpected 'if' (T_IF) in C:\\Users\\Aluno\\Desktop\\trabalhoPam3-1\\USBWebserver v8.6\\root\\calculadora\\trabalhoPam3\\2020.03.05\\calculadora.php on line 3
[Wed Mar 11 19:30:27.913563 2020] [:error] [pid 4796:tid 916] [client ::1:49545] PHP Parse error:  syntax error, unexpected 'if' (T_IF) in C:\\Users\\Aluno\\Desktop\\trabalhoPam3-1\\USBWebserver v8.6\\root\\calculadora\\trabalhoPam3\\2020.03.05\\calculadora.php on line 3
[Wed Mar 11 19:30:28.076572 2020] [:error] [pid 4796:tid 916] [client ::1:49545] PHP Parse error:  syntax error, unexpected 'if' (T_IF) in C:\\Users\\Aluno\\Desktop\\trabalhoPam3-1\\USBWebserver v8.6\\root\\calculadora\\trabalhoPam3\\2020.03.05\\calculadora.php on line 3
[Wed Mar 11 19:30:28.264583 2020] [:error] [pid 4796:tid 916] [client ::1:49545] PHP Parse error:  syntax error, unexpected 'if' (T_IF) in C:\\Users\\Aluno\\Desktop\\trabalhoPam3-1\\USBWebserver v8.6\\root\\calculadora\\trabalhoPam3\\2020.03.05\\calculadora.php on line 3
[Wed Mar 11 19:30:28.428592 2020] [:error] [pid 4796:tid 916] [client ::1:49545] PHP Parse error:  syntax error, unexpected 'if' (T_IF) in C:\\Users\\Aluno\\Desktop\\trabalhoPam3-1\\USBWebserver v8.6\\root\\calculadora\\trabalhoPam3\\2020.03.05\\calculadora.php on line 3
[Wed Mar 11 19:30:28.598602 2020] [:error] [pid 4796:tid 916] [client ::1:49545] PHP Parse error:  syntax error, unexpected 'if' (T_IF) in C:\\Users\\Aluno\\Desktop\\trabalhoPam3-1\\USBWebserver v8.6\\root\\calculadora\\trabalhoPam3\\2020.03.05\\calculadora.php on line 3
[Wed Mar 11 19:30:28.761611 2020] [:error] [pid 4796:tid 916] [client ::1:49545] PHP Parse error:  syntax error, unexpected 'if' (T_IF) in C:\\Users\\Aluno\\Desktop\\trabalhoPam3-1\\USBWebserver v8.6\\root\\calculadora\\trabalhoPam3\\2020.03.05\\calculadora.php on line 3
[Wed Mar 11 19:30:28.941622 2020] [:error] [pid 4796:tid 916] [client ::1:49545] PHP Parse error:  syntax error, unexpected 'if' (T_IF) in C:\\Users\\Aluno\\Desktop\\trabalhoPam3-1\\USBWebserver v8.6\\root\\calculadora\\trabalhoPam3\\2020.03.05\\calculadora.php on line 3
[Wed Mar 11 19:30:29.116632 2020] [:error] [pid 4796:tid 916] [client ::1:49545] PHP Parse error:  syntax error, unexpected 'if' (T_IF) in C:\\Users\\Aluno\\Desktop\\trabalhoPam3-1\\USBWebserver v8.6\\root\\calculadora\\trabalhoPam3\\2020.03.05\\calculadora.php on line 3
[Wed Mar 11 19:30:29.286641 2020] [:error] [pid 4796:tid 916] [client ::1:49545] PHP Parse error:  syntax error, unexpected 'if' (T_IF) in C:\\Users\\Aluno\\Desktop\\trabalhoPam3-1\\USBWebserver v8.6\\root\\calculadora\\trabalhoPam3\\2020.03.05\\calculadora.php on line 3
[Wed Mar 11 19:30:29.456651 2020] [:error] [pid 4796:tid 916] [client ::1:49545] PHP Parse error:  syntax error, unexpected 'if' (T_IF) in C:\\Users\\Aluno\\Desktop\\trabalhoPam3-1\\USBWebserver v8.6\\root\\calculadora\\trabalhoPam3\\2020.03.05\\calculadora.php on line 3
[Wed Mar 11 19:30:29.629661 2020] [:error] [pid 4796:tid 916] [client ::1:49545] PHP Parse error:  syntax error, unexpected 'if' (T_IF) in C:\\Users\\Aluno\\Desktop\\trabalhoPam3-1\\USBWebserver v8.6\\root\\calculadora\\trabalhoPam3\\2020.03.05\\calculadora.php on line 3
[Wed Mar 11 19:30:29.805671 2020] [:error] [pid 4796:tid 916] [client ::1:49545] PHP Parse error:  syntax error, unexpected 'if' (T_IF) in C:\\Users\\Aluno\\Desktop\\trabalhoPam3-1\\USBWebserver v8.6\\root\\calculadora\\trabalhoPam3\\2020.03.05\\calculadora.php on line 3
[Wed Mar 11 19:30:29.968680 2020] [:error] [pid 4796:tid 916] [client ::1:49545] PHP Parse error:  syntax error, unexpected 'if' (T_IF) in C:\\Users\\Aluno\\Desktop\\trabalhoPam3-1\\USBWebserver v8.6\\root\\calculadora\\trabalhoPam3\\2020.03.05\\calculadora.php on line 3
[Wed Mar 11 19:31:53.804476 2020] [:error] [pid 4796:tid 916] [client ::1:49552] PHP Parse error:  syntax error, unexpected 'if' (T_IF) in C:\\Users\\Aluno\\Desktop\\trabalhoPam3-1\\USBWebserver v8.6\\root\\calculadora\\trabalhoPam3\\2020.03.05\\calculadora.php on line 3
[Wed Mar 11 19:31:56.653639 2020] [:error] [pid 4796:tid 916] [client ::1:49552] PHP Parse error:  syntax error, unexpected 'if' (T_IF) in C:\\Users\\Aluno\\Desktop\\trabalhoPam3-1\\USBWebserver v8.6\\root\\calculadora\\trabalhoPam3\\2020.03.05\\calculadora.php on line 3
